********************************************************************************
DUPLICATOR-LITE PACKAGE-LOG: December 18, 2018 11:21 pm
NOTICE: Do NOT post to public sites or forums 
********************************************************************************
VERSION:	1.3.0
WORDPRESS:	5.0
PHP INFO:	7.2.1 | SAPI: apache2handler
SERVER:		Apache/2.2.31 (Win32) DAV/2 mod_ssl/2.2.31 OpenSSL/1.0.2h mod_fcgid/2.3.9 mod_wsgi/3.4 Python/2.7.6 PHP/7.2.1 mod_perl/2.0.8 Perl/v5.16.3 
PHP TIME LIMIT: (0) no time limit imposed 
PHP MAX MEMORY: 2048M (256M default) 
MEMORY STACK: 6MB 

********************************************************************************
DATABASE:
********************************************************************************
BUILD MODE:   PHP(query limit - 100)
MYSQLTIMEOUT: 5000
MYSQLDUMP:    Not Supported 
TABLES: total:13 | filtered:0 | create:13 
FILTERED: [] 
SQL CREATED: 20181218_kleanersa_6c0d4898168a53da3864_20181218232040_database.sql 
SQL FILE SIZE: 1.79MB (1874059) 
SQL FILE TIME: 2018-12-18 23:21:39 
SQL RUNTIME: 2.00 sec. 

******************************************************************************** 
ARCHIVE (ZIP): 
******************************************************************************** 
ARCHIVE DIR:  C:/Users/x1/Desktop/ACT01_seo-deploy-seguridad_WP/wordpress 
ARCHIVE FILE: 20181218_kleanersa_6c0d4898168a53da3864_20181218232040_archive.zip 
FILTERS: *OFF* 
DIRS:
	not set 
FILES:
	not set 
EXTS:  not set 
---------------------------------------- 
COMPRESSING 
SIZE:	65.6MB 
STATS:	Dirs 363 | Files 2,827 
SQL ADDED: 20181218_kleanersa_6c0d4898168a53da3864_20181218232040_database.sql 
ZipArchive Object
(
    [status] => 0
    [statusSys] => 0
    [numFiles] => 3190
    [filename] => C:\Users\x1\Desktop\ACT01_seo-deploy-seguridad_WP\wordpress\wp-snapshots\tmp\20181218_kleanersa_6c0d4898168a53da3864_20181218232040_archive.zip
    [comment] => 
)
 
COMPRESSION RESULT: '1' 
COMPRESSED SIZE: 28.51MB 
ARCHIVE RUNTIME: 232.57 sec. 
MEMORY STACK: 6MB 
building installer 
add_extra_files1 
add_extra_files2 
add_extra_files3 
add_extra_files4 
Doing archive file check 
add_extra_files5 
add_extra_files6 
add_extra_files8 
Successfully opened zip C:/Users/x1/Desktop/ACT01_seo-deploy-seguridad_WP/wordpress/wp-snapshots/tmp/20181218_kleanersa_6c0d4898168a53da3864_20181218232040_archive.zip 
Adding enhanced installer files to archive using ZipArchive 
Installer files added to archive 
Added to archive 
After ziparchive close when adding installer 

******************************************************************************** 
INTEGRITY CHECKS: 
******************************************************************************** 
SQL File: 1.79MB 
Installer File: 32.64KB 
Archive File: 29.34MB  

********************************************************************************
RECORD ID:[1]
TOTAL PROCESS RUNTIME: 242.69 sec.
PEAK PHP MEMORY USED: 10MB
DONE PROCESSING => 20181218_kleanersa December 18, 2018 11:25 pm
 
